<?xml version="1.0" encoding="UTF-8"?>
<!-- Generated by org.testng.reporters.JUnitReportReporter -->
<testsuite skipped="0" hostname="DESKTOP-HLP3Q82" name="TestNG.BasicTestNG" tests="1" failures="0" timestamp="2022-05-13T11:56:33 IST" time="0.016" errors="0">
  <testcase name="basictest" time="0.016" classname="TestNG.BasicTestNG"/>
  <system-out/>
</testsuite> <!-- TestNG.BasicTestNG -->
